<?xml version="1.0" encoding="UTF-8"?>
<!-- Generated by org.testng.reporters.JUnitXMLReporter -->
<testsuite hostname="LH7U0CNU3399BK5" name="Test1Report" tests="2" failures="1" timestamp="23 Jun 2017 10:40:12 GMT" time="4.214" errors="0">
  <testcase name="TT" time="0.719" classname="com.test.testsuite.Test1">
    <failure type="java.lang.AssertionError" message="null">
      <![CDATA[java.lang.AssertionError: null
	at com.test.testsuite.Test1.TT(Test1.java:26)
... Removed 26 stack frames]]>
    </failure>
  </testcase> <!-- TT -->
  <testcase name="TT1" time="0.452" classname="com.test.testsuite.Test1"/>
</testsuite> <!-- Test1Report -->
