<?xml version="1.0" encoding="UTF-8"?>
<!-- Generated by org.testng.reporters.JUnitXMLReporter -->
<testsuite hostname="LH7U0CNU3399BK5" name="TestReport" tests="1" failures="1" timestamp="23 Jun 2017 13:36:51 GMT" time="38.88" errors="0">
  <testcase name="test1" time="2.575" classname="com.test.testsuite.testcase1">
    <failure type="java.lang.AssertionError" message="null">
      <![CDATA[java.lang.AssertionError: null
	at com.core.framework.reports.Logger.FailTheTestWithScreenCapture(Logger.java:79)
	at com.test.testsuite.testcase1.test1(testcase1.java:51)
... Removed 26 stack frames]]>
    </failure>
  </testcase> <!-- test1 -->
</testsuite> <!-- TestReport -->
