<?xml version="1.0" encoding="UTF-8"?>
<!-- Generated by org.testng.reporters.JUnitXMLReporter -->
<testsuite hostname="LH7U0CNU3399BK5" name="TestReport" tests="2" failures="1" timestamp="23 Jun 2017 06:43:54 GMT" time="14.465" errors="0">
  <testcase name="tt" time="1.623" classname="com.test.testsuite.test">
    <failure type="java.lang.AssertionError" message="null">
      <![CDATA[java.lang.AssertionError: null
	at com.test.testsuite.test.tt(test.java:26)
... Removed 26 stack frames]]>
    </failure>
  </testcase> <!-- tt -->
  <testcase name="tt1" time="1.0" classname="com.test.testsuite.test"/>
</testsuite> <!-- TestReport -->
