<?xml version="1.0" encoding="UTF-8"?>
<!-- Generated by org.testng.reporters.JUnitXMLReporter -->
<testsuite hostname="LH7U0CNU3399BK5" name="Test" tests="3" failures="1" timestamp="22 Jun 2017 17:16:49 GMT" time="143.188" errors="0">
  <testcase name="tt" time="1.451" classname="com.test.testsuite.test">
    <failure type="java.lang.AssertionError" message="null">
      <![CDATA[java.lang.AssertionError: null
	at com.test.testsuite.test.tt(test.java:36)
... Removed 26 stack frames]]>
    </failure>
  </testcase> <!-- tt -->
  <testcase name="tt1" time="0.639" classname="com.test.testsuite.test"/>
  <testcase name="testt" time="2.063" classname="com.test.testsuite.testcase1"/>
</testsuite> <!-- Test -->
